============================= test session starts ==============================
platform darwin -- Python 3.14.3, pytest-9.1.1, pluggy-1.6.0 -- /Users/yifanxu/Ephemeral-AI-Lab/ephemeral-sandbox-test/.venv/bin/python
cachedir: .pytest_cache
rootdir: /private/tmp/eos-topology-e2e.uaA3dl/main/e2e
configfile: pytest.ini
plugins: timeout-2.4.0
collecting ... collected 1 item

e2e/observability/cgroup/test_workspace_placement.py::test_workspace_resource_estimate_inputs_are_live 
-------------------------------- live log setup --------------------------------
17:40:32.665 INFO e2e.cli: ← /private/tmp/eos-topology-product.rMhibO/main/bin/sandbox-manager-cli list_sandboxes  (exit=0, 0.58s)
17:40:32.666 INFO e2e.gateway: gateway already running — reusing
17:40:33.487 INFO e2e.cli: ← /private/tmp/eos-topology-product.rMhibO/main/bin/sandbox-manager-cli create_sandbox --image ubuntu:24.04 --workspace-bind-root /private/tmp/eos-topology-e2e.uaA3dl/main/.e2e-state/workspaces/templates/testbed  (exit=0, 0.82s)
-------------------------------- live log call ---------------------------------
17:40:34.072 INFO e2e.cli: ← /private/tmp/eos-topology-product.rMhibO/main/bin/sandbox-runtime-cli --sandbox-id eos-de66a259-e85d-471e-aef0-97576c5c6687 create_workspace_session  (exit=0, 0.58s)
17:40:34.112 INFO e2e.cli: ← /private/tmp/eos-topology-product.rMhibO/main/bin/sandbox-runtime-cli --sandbox-id eos-de66a259-e85d-471e-aef0-97576c5c6687 exec_command --workspace-session-id 00000118c30a542fe1e4ff --timeout-ms 45000 --yield-time-ms 0 sh -c 'while :; do :; done'  (exit=0, 0.04s)
17:40:34.684 INFO e2e.cli: ← /private/tmp/eos-topology-product.rMhibO/main/bin/sandbox-observability-cli cgroup --sandbox-id eos-de66a259-e85d-471e-aef0-97576c5c6687 --scope sandbox --window-ms 60000  (exit=0, 0.57s)
17:40:34.722 INFO e2e.cli: ← /private/tmp/eos-topology-product.rMhibO/main/bin/sandbox-observability-cli cgroup --sandbox-id eos-de66a259-e85d-471e-aef0-97576c5c6687 --scope sandbox --window-ms 60000  (exit=0, 0.04s)
17:40:35.033 INFO e2e.cli: ← /private/tmp/eos-topology-product.rMhibO/main/bin/sandbox-runtime-cli --sandbox-id eos-de66a259-e85d-471e-aef0-97576c5c6687 write_command_stdin --command-session-id namespace_execution_1 --yield-time-ms 30000   (exit=0, 0.14s)
17:40:35.091 INFO e2e.cli: ← /private/tmp/eos-topology-product.rMhibO/main/bin/sandbox-runtime-cli --sandbox-id eos-de66a259-e85d-471e-aef0-97576c5c6687 destroy_workspace_session --workspace-session-id 00000118c30a542fe1e4ff --grace-s 1  (exit=0, 0.06s)
PASSED                                                                   [100%]
------------------------------ live log teardown -------------------------------
17:40:35.406 INFO e2e.cli: ← /private/tmp/eos-topology-product.rMhibO/main/bin/sandbox-manager-cli destroy_sandbox --sandbox-id eos-de66a259-e85d-471e-aef0-97576c5c6687  (exit=0, 0.31s)
------------------------------ live log logreport ------------------------------
17:40:35.407 INFO e2e.timing: ⏱  observability/cgroup/test_workspace_placement.py::test_workspace_resource_estimate_inputs_are_live — 3.323s total


--------------------- sandbox-cli operation timing metrics ---------------------
durations are client-side sandbox-cli wall time; no timing SLO is enforced
manager.create_sandbox: n=1 p50=820.4ms p95=820.4ms max=820.4ms sub50=0.0% sub100=0.0% sub200=0.0%
manager.destroy_sandbox: n=1 p50=314.4ms p95=314.4ms max=314.4ms sub50=0.0% sub100=0.0% sub200=0.0%
manager.list_sandboxes: n=1 p50=580.3ms p95=580.3ms max=580.3ms sub50=0.0% sub100=0.0% sub200=0.0%
observability.cgroup: n=2 p50=304.4ms p95=545.1ms max=571.8ms sub50=50.0% sub100=50.0% sub200=50.0%
runtime.create_workspace_session: n=1 p50=583.9ms p95=583.9ms max=583.9ms sub50=0.0% sub100=0.0% sub200=0.0%
runtime.destroy_workspace_session: n=1 p50=57.2ms p95=57.2ms max=57.2ms sub50=0.0% sub100=100.0% sub200=100.0%
runtime.exec_command: n=1 p50=39.1ms p95=39.1ms max=39.1ms sub50=100.0% sub100=100.0% sub200=100.0%
runtime.write_command_stdin: n=1 p50=137.7ms p95=137.7ms max=137.7ms sub50=0.0% sub100=0.0% sub200=100.0%
operation timing metrics: /private/tmp/eos-topology-e2e.uaA3dl/main/.e2e-state/metrics/operation-timing/latest.md
============================== slowest durations ===============================
1.60s call     observability/cgroup/test_workspace_placement.py::test_workspace_resource_estimate_inputs_are_live
1.40s setup    observability/cgroup/test_workspace_placement.py::test_workspace_resource_estimate_inputs_are_live
0.32s teardown observability/cgroup/test_workspace_placement.py::test_workspace_resource_estimate_inputs_are_live
============================== 1 passed in 3.36s ===============================
