============================= test session starts ==============================
platform darwin -- Python 3.14.3, pytest-9.1.1, pluggy-1.6.0 -- /Users/yifanxu/Ephemeral-AI-Lab/ephemeral-sandbox-test/.venv/bin/python
cachedir: .pytest_cache
rootdir: /private/tmp/eos-topology-e2e.uaA3dl/main/e2e
configfile: pytest.ini
plugins: timeout-2.4.0
collecting ... collected 10 items

e2e/observability/cgroup/test_contract.py::test_proc_topology_contract 
-------------------------------- live log setup --------------------------------
17:51:22.132 INFO e2e.cli: ← /private/tmp/eos-topology-product.rMhibO/main/bin/sandbox-manager-cli list_sandboxes  (exit=0, 0.57s)
17:51:22.133 INFO e2e.gateway: gateway already running — reusing
17:51:22.780 INFO e2e.cli: ← /private/tmp/eos-topology-product.rMhibO/main/bin/sandbox-manager-cli create_sandbox --image ubuntu:24.04 --workspace-bind-root /private/tmp/eos-topology-e2e.uaA3dl/main/.e2e-state/workspaces/templates/testbed  (exit=0, 0.65s)
-------------------------------- live log call ---------------------------------
17:51:23.652 INFO e2e.cli: ← /private/tmp/eos-topology-product.rMhibO/main/bin/sandbox-observability-cli cgroup --sandbox-id eos-746d6adf-5434-4924-99f0-a0f4942bd69e --scope sandbox --window-ms 60000  (exit=0, 0.87s)
PASSED                                                                   [ 10%]
------------------------------ live log teardown -------------------------------
17:51:24.050 INFO e2e.cli: ← /private/tmp/eos-topology-product.rMhibO/main/bin/sandbox-manager-cli destroy_sandbox --sandbox-id eos-746d6adf-5434-4924-99f0-a0f4942bd69e  (exit=0, 0.29s)
------------------------------ live log logreport ------------------------------
17:51:24.051 INFO e2e.timing: ⏱  observability/cgroup/test_contract.py::test_proc_topology_contract — 2.488s total

e2e/observability/cgroup/test_contract.py::test_process_topology_is_cgroup_independent 
-------------------------------- live log setup --------------------------------
17:51:24.517 INFO e2e.cli: ← /private/tmp/eos-topology-product.rMhibO/main/bin/sandbox-manager-cli create_sandbox --image ubuntu:24.04 --workspace-bind-root /private/tmp/eos-topology-e2e.uaA3dl/main/.e2e-state/workspaces/templates/testbed  (exit=0, 0.47s)
-------------------------------- live log call ---------------------------------
17:51:25.106 INFO e2e.cli: ← /private/tmp/eos-topology-product.rMhibO/main/bin/sandbox-runtime-cli --sandbox-id eos-7d7dd779-5b32-4360-9ec8-78d812c34067 create_workspace_session  (exit=0, 0.59s)
17:51:25.143 INFO e2e.cli: ← /private/tmp/eos-topology-product.rMhibO/main/bin/sandbox-runtime-cli --sandbox-id eos-7d7dd779-5b32-4360-9ec8-78d812c34067 exec_command --workspace-session-id 00000118c30aebc45e1bd2 --timeout-ms 45000 --yield-time-ms 0 sleep 30  (exit=0, 0.04s)
17:51:25.185 INFO e2e.cli: ← /private/tmp/eos-topology-product.rMhibO/main/bin/sandbox-observability-cli cgroup --sandbox-id eos-7d7dd779-5b32-4360-9ec8-78d812c34067 --scope sandbox --window-ms 60000  (exit=0, 0.04s)
17:51:25.222 INFO e2e.cli: ← /private/tmp/eos-topology-product.rMhibO/main/bin/sandbox-observability-cli cgroup --sandbox-id eos-7d7dd779-5b32-4360-9ec8-78d812c34067 --scope sandbox --window-ms 60000  (exit=0, 0.04s)
PASSED                                                                   [ 20%]
------------------------------ live log teardown -------------------------------
17:51:25.622 INFO e2e.cli: ← /private/tmp/eos-topology-product.rMhibO/main/bin/sandbox-runtime-cli --sandbox-id eos-7d7dd779-5b32-4360-9ec8-78d812c34067 write_command_stdin --command-session-id namespace_execution_1 --yield-time-ms 30000   (exit=0, 0.14s)
17:51:25.657 INFO e2e.cli: ← /private/tmp/eos-topology-product.rMhibO/main/bin/sandbox-manager-cli inspect_sandbox --sandbox-id eos-7d7dd779-5b32-4360-9ec8-78d812c34067  (exit=0, 0.03s)
17:51:26.017 INFO e2e.cli: ← /private/tmp/eos-topology-product.rMhibO/main/bin/sandbox-manager-cli destroy_sandbox --sandbox-id eos-7d7dd779-5b32-4360-9ec8-78d812c34067  (exit=0, 0.32s)
------------------------------ live log logreport ------------------------------
17:51:26.017 INFO e2e.timing: ⏱  observability/cgroup/test_contract.py::test_process_topology_is_cgroup_independent — 1.965s total

e2e/observability/cgroup/test_lifecycle.py::test_exited_processes_disappear 
-------------------------------- live log setup --------------------------------
17:51:26.442 INFO e2e.cli: ← /private/tmp/eos-topology-product.rMhibO/main/bin/sandbox-manager-cli create_sandbox --image ubuntu:24.04 --workspace-bind-root /private/tmp/eos-topology-e2e.uaA3dl/main/.e2e-state/workspaces/templates/testbed  (exit=0, 0.42s)
-------------------------------- live log call ---------------------------------
17:51:26.497 INFO e2e.cli: ← /private/tmp/eos-topology-product.rMhibO/main/bin/sandbox-runtime-cli --sandbox-id eos-8da74944-9190-4cc0-8def-a5f8318cb966 create_workspace_session  (exit=0, 0.05s)
17:51:26.541 INFO e2e.cli: ← /private/tmp/eos-topology-product.rMhibO/main/bin/sandbox-runtime-cli --sandbox-id eos-8da74944-9190-4cc0-8def-a5f8318cb966 exec_command --workspace-session-id 00000118c30aec1766d30f --timeout-ms 10000 --yield-time-ms 0 sleep 2  (exit=0, 0.04s)
17:51:26.587 INFO e2e.cli: ← /private/tmp/eos-topology-product.rMhibO/main/bin/sandbox-observability-cli cgroup --sandbox-id eos-8da74944-9190-4cc0-8def-a5f8318cb966 --scope sandbox --window-ms 60000  (exit=0, 0.05s)
17:51:26.626 INFO e2e.cli: ← /private/tmp/eos-topology-product.rMhibO/main/bin/sandbox-runtime-cli --sandbox-id eos-8da74944-9190-4cc0-8def-a5f8318cb966 read_command_lines --command-session-id namespace_execution_1 --start-offset 0 --limit 1000  (exit=0, 0.04s)
17:51:26.772 INFO e2e.cli: ← /private/tmp/eos-topology-product.rMhibO/main/bin/sandbox-runtime-cli --sandbox-id eos-8da74944-9190-4cc0-8def-a5f8318cb966 read_command_lines --command-session-id namespace_execution_1 --start-offset 0 --limit 1000  (exit=0, 0.04s)
17:51:26.912 INFO e2e.cli: ← /private/tmp/eos-topology-product.rMhibO/main/bin/sandbox-runtime-cli --sandbox-id eos-8da74944-9190-4cc0-8def-a5f8318cb966 read_command_lines --command-session-id namespace_execution_1 --start-offset 0 --limit 1000  (exit=0, 0.04s)
17:51:27.053 INFO e2e.cli: ← /private/tmp/eos-topology-product.rMhibO/main/bin/sandbox-runtime-cli --sandbox-id eos-8da74944-9190-4cc0-8def-a5f8318cb966 read_command_lines --command-session-id namespace_execution_1 --start-offset 0 --limit 1000  (exit=0, 0.04s)
17:51:27.210 INFO e2e.cli: ← /private/tmp/eos-topology-product.rMhibO/main/bin/sandbox-runtime-cli --sandbox-id eos-8da74944-9190-4cc0-8def-a5f8318cb966 read_command_lines --command-session-id namespace_execution_1 --start-offset 0 --limit 1000  (exit=0, 0.05s)
17:51:27.354 INFO e2e.cli: ← /private/tmp/eos-topology-product.rMhibO/main/bin/sandbox-runtime-cli --sandbox-id eos-8da74944-9190-4cc0-8def-a5f8318cb966 read_command_lines --command-session-id namespace_execution_1 --start-offset 0 --limit 1000  (exit=0, 0.04s)
17:51:27.492 INFO e2e.cli: ← /private/tmp/eos-topology-product.rMhibO/main/bin/sandbox-runtime-cli --sandbox-id eos-8da74944-9190-4cc0-8def-a5f8318cb966 read_command_lines --command-session-id namespace_execution_1 --start-offset 0 --limit 1000  (exit=0, 0.04s)
17:51:27.635 INFO e2e.cli: ← /private/tmp/eos-topology-product.rMhibO/main/bin/sandbox-runtime-cli --sandbox-id eos-8da74944-9190-4cc0-8def-a5f8318cb966 read_command_lines --command-session-id namespace_execution_1 --start-offset 0 --limit 1000  (exit=0, 0.04s)
17:51:27.779 INFO e2e.cli: ← /private/tmp/eos-topology-product.rMhibO/main/bin/sandbox-runtime-cli --sandbox-id eos-8da74944-9190-4cc0-8def-a5f8318cb966 read_command_lines --command-session-id namespace_execution_1 --start-offset 0 --limit 1000  (exit=0, 0.04s)
17:51:27.923 INFO e2e.cli: ← /private/tmp/eos-topology-product.rMhibO/main/bin/sandbox-runtime-cli --sandbox-id eos-8da74944-9190-4cc0-8def-a5f8318cb966 read_command_lines --command-session-id namespace_execution_1 --start-offset 0 --limit 1000  (exit=0, 0.04s)
17:51:28.080 INFO e2e.cli: ← /private/tmp/eos-topology-product.rMhibO/main/bin/sandbox-runtime-cli --sandbox-id eos-8da74944-9190-4cc0-8def-a5f8318cb966 read_command_lines --command-session-id namespace_execution_1 --start-offset 0 --limit 1000  (exit=0, 0.05s)
17:51:28.247 INFO e2e.cli: ← /private/tmp/eos-topology-product.rMhibO/main/bin/sandbox-runtime-cli --sandbox-id eos-8da74944-9190-4cc0-8def-a5f8318cb966 read_command_lines --command-session-id namespace_execution_1 --start-offset 0 --limit 1000  (exit=0, 0.07s)
17:51:28.402 INFO e2e.cli: ← /private/tmp/eos-topology-product.rMhibO/main/bin/sandbox-runtime-cli --sandbox-id eos-8da74944-9190-4cc0-8def-a5f8318cb966 read_command_lines --command-session-id namespace_execution_1 --start-offset 0 --limit 1000  (exit=0, 0.05s)
17:51:28.546 INFO e2e.cli: ← /private/tmp/eos-topology-product.rMhibO/main/bin/sandbox-runtime-cli --sandbox-id eos-8da74944-9190-4cc0-8def-a5f8318cb966 read_command_lines --command-session-id namespace_execution_1 --start-offset 0 --limit 1000  (exit=0, 0.04s)
17:51:28.693 INFO e2e.cli: ← /private/tmp/eos-topology-product.rMhibO/main/bin/sandbox-runtime-cli --sandbox-id eos-8da74944-9190-4cc0-8def-a5f8318cb966 read_command_lines --command-session-id namespace_execution_1 --start-offset 0 --limit 1000  (exit=0, 0.04s)
17:51:28.741 INFO e2e.cli: ← /private/tmp/eos-topology-product.rMhibO/main/bin/sandbox-observability-cli cgroup --sandbox-id eos-8da74944-9190-4cc0-8def-a5f8318cb966 --scope sandbox --window-ms 60000  (exit=0, 0.05s)
17:51:28.802 INFO e2e.cli: ← /private/tmp/eos-topology-product.rMhibO/main/bin/sandbox-runtime-cli --sandbox-id eos-8da74944-9190-4cc0-8def-a5f8318cb966 destroy_workspace_session --workspace-session-id 00000118c30aec1766d30f --grace-s 1  (exit=0, 0.06s)
PASSED                                                                   [ 30%]
------------------------------ live log teardown -------------------------------
17:51:29.133 INFO e2e.cli: ← /private/tmp/eos-topology-product.rMhibO/main/bin/sandbox-manager-cli destroy_sandbox --sandbox-id eos-8da74944-9190-4cc0-8def-a5f8318cb966  (exit=0, 0.33s)
------------------------------ live log logreport ------------------------------
17:51:29.135 INFO e2e.timing: ⏱  observability/cgroup/test_lifecycle.py::test_exited_processes_disappear — 3.116s total

e2e/observability/cgroup/test_lifecycle.py::test_destroyed_workspace_disappears_without_reassignment 
-------------------------------- live log setup --------------------------------
17:51:29.583 INFO e2e.cli: ← /private/tmp/eos-topology-product.rMhibO/main/bin/sandbox-manager-cli create_sandbox --image ubuntu:24.04 --workspace-bind-root /private/tmp/eos-topology-e2e.uaA3dl/main/.e2e-state/workspaces/templates/testbed  (exit=0, 0.45s)
-------------------------------- live log call ---------------------------------
17:51:29.627 INFO e2e.cli: ← /private/tmp/eos-topology-product.rMhibO/main/bin/sandbox-runtime-cli --sandbox-id eos-9ca19f7b-68de-479d-9b2e-440d1eec7bf5 create_workspace_session  (exit=0, 0.04s)
17:51:29.674 INFO e2e.cli: ← /private/tmp/eos-topology-product.rMhibO/main/bin/sandbox-runtime-cli --sandbox-id eos-9ca19f7b-68de-479d-9b2e-440d1eec7bf5 create_workspace_session  (exit=0, 0.05s)
17:51:29.717 INFO e2e.cli: ← /private/tmp/eos-topology-product.rMhibO/main/bin/sandbox-observability-cli cgroup --sandbox-id eos-9ca19f7b-68de-479d-9b2e-440d1eec7bf5 --scope sandbox --window-ms 60000  (exit=0, 0.04s)
17:51:29.757 INFO e2e.cli: ← /private/tmp/eos-topology-product.rMhibO/main/bin/sandbox-runtime-cli --sandbox-id eos-9ca19f7b-68de-479d-9b2e-440d1eec7bf5 exec_command --workspace-session-id 00000118c30aecd1f9737d --timeout-ms 10000 --yield-time-ms 0 sleep 2  (exit=0, 0.04s)
17:51:29.804 INFO e2e.cli: ← /private/tmp/eos-topology-product.rMhibO/main/bin/sandbox-observability-cli cgroup --sandbox-id eos-9ca19f7b-68de-479d-9b2e-440d1eec7bf5 --scope sandbox --window-ms 60000  (exit=0, 0.05s)
17:51:29.858 INFO e2e.cli: ← /private/tmp/eos-topology-product.rMhibO/main/bin/sandbox-runtime-cli --sandbox-id eos-9ca19f7b-68de-479d-9b2e-440d1eec7bf5 read_command_lines --command-session-id namespace_execution_1 --start-offset 0 --limit 1000  (exit=0, 0.05s)
17:51:30.000 INFO e2e.cli: ← /private/tmp/eos-topology-product.rMhibO/main/bin/sandbox-runtime-cli --sandbox-id eos-9ca19f7b-68de-479d-9b2e-440d1eec7bf5 read_command_lines --command-session-id namespace_execution_1 --start-offset 0 --limit 1000  (exit=0, 0.04s)
17:51:30.142 INFO e2e.cli: ← /private/tmp/eos-topology-product.rMhibO/main/bin/sandbox-runtime-cli --sandbox-id eos-9ca19f7b-68de-479d-9b2e-440d1eec7bf5 read_command_lines --command-session-id namespace_execution_1 --start-offset 0 --limit 1000  (exit=0, 0.04s)
17:51:30.279 INFO e2e.cli: ← /private/tmp/eos-topology-product.rMhibO/main/bin/sandbox-runtime-cli --sandbox-id eos-9ca19f7b-68de-479d-9b2e-440d1eec7bf5 read_command_lines --command-session-id namespace_execution_1 --start-offset 0 --limit 1000  (exit=0, 0.03s)
17:51:30.423 INFO e2e.cli: ← /private/tmp/eos-topology-product.rMhibO/main/bin/sandbox-runtime-cli --sandbox-id eos-9ca19f7b-68de-479d-9b2e-440d1eec7bf5 read_command_lines --command-session-id namespace_execution_1 --start-offset 0 --limit 1000  (exit=0, 0.04s)
17:51:30.565 INFO e2e.cli: ← /private/tmp/eos-topology-product.rMhibO/main/bin/sandbox-runtime-cli --sandbox-id eos-9ca19f7b-68de-479d-9b2e-440d1eec7bf5 read_command_lines --command-session-id namespace_execution_1 --start-offset 0 --limit 1000  (exit=0, 0.04s)
17:51:30.708 INFO e2e.cli: ← /private/tmp/eos-topology-product.rMhibO/main/bin/sandbox-runtime-cli --sandbox-id eos-9ca19f7b-68de-479d-9b2e-440d1eec7bf5 read_command_lines --command-session-id namespace_execution_1 --start-offset 0 --limit 1000  (exit=0, 0.04s)
17:51:30.849 INFO e2e.cli: ← /private/tmp/eos-topology-product.rMhibO/main/bin/sandbox-runtime-cli --sandbox-id eos-9ca19f7b-68de-479d-9b2e-440d1eec7bf5 read_command_lines --command-session-id namespace_execution_1 --start-offset 0 --limit 1000  (exit=0, 0.04s)
17:51:30.991 INFO e2e.cli: ← /private/tmp/eos-topology-product.rMhibO/main/bin/sandbox-runtime-cli --sandbox-id eos-9ca19f7b-68de-479d-9b2e-440d1eec7bf5 read_command_lines --command-session-id namespace_execution_1 --start-offset 0 --limit 1000  (exit=0, 0.04s)
17:51:31.142 INFO e2e.cli: ← /private/tmp/eos-topology-product.rMhibO/main/bin/sandbox-runtime-cli --sandbox-id eos-9ca19f7b-68de-479d-9b2e-440d1eec7bf5 read_command_lines --command-session-id namespace_execution_1 --start-offset 0 --limit 1000  (exit=0, 0.05s)
17:51:31.291 INFO e2e.cli: ← /private/tmp/eos-topology-product.rMhibO/main/bin/sandbox-runtime-cli --sandbox-id eos-9ca19f7b-68de-479d-9b2e-440d1eec7bf5 read_command_lines --command-session-id namespace_execution_1 --start-offset 0 --limit 1000  (exit=0, 0.05s)
17:51:31.439 INFO e2e.cli: ← /private/tmp/eos-topology-product.rMhibO/main/bin/sandbox-runtime-cli --sandbox-id eos-9ca19f7b-68de-479d-9b2e-440d1eec7bf5 read_command_lines --command-session-id namespace_execution_1 --start-offset 0 --limit 1000  (exit=0, 0.04s)
17:51:31.594 INFO e2e.cli: ← /private/tmp/eos-topology-product.rMhibO/main/bin/sandbox-runtime-cli --sandbox-id eos-9ca19f7b-68de-479d-9b2e-440d1eec7bf5 read_command_lines --command-session-id namespace_execution_1 --start-offset 0 --limit 1000  (exit=0, 0.05s)
17:51:31.749 INFO e2e.cli: ← /private/tmp/eos-topology-product.rMhibO/main/bin/sandbox-runtime-cli --sandbox-id eos-9ca19f7b-68de-479d-9b2e-440d1eec7bf5 read_command_lines --command-session-id namespace_execution_1 --start-offset 0 --limit 1000  (exit=0, 0.05s)
17:51:31.899 INFO e2e.cli: ← /private/tmp/eos-topology-product.rMhibO/main/bin/sandbox-runtime-cli --sandbox-id eos-9ca19f7b-68de-479d-9b2e-440d1eec7bf5 read_command_lines --command-session-id namespace_execution_1 --start-offset 0 --limit 1000  (exit=0, 0.05s)
17:51:31.944 INFO e2e.cli: ← /private/tmp/eos-topology-product.rMhibO/main/bin/sandbox-observability-cli cgroup --sandbox-id eos-9ca19f7b-68de-479d-9b2e-440d1eec7bf5 --scope sandbox --window-ms 60000  (exit=0, 0.04s)
17:51:32.000 INFO e2e.cli: ← /private/tmp/eos-topology-product.rMhibO/main/bin/sandbox-runtime-cli --sandbox-id eos-9ca19f7b-68de-479d-9b2e-440d1eec7bf5 destroy_workspace_session --workspace-session-id 00000118c30aecd1f9737d --grace-s 1  (exit=0, 0.05s)
17:51:32.045 INFO e2e.cli: ← /private/tmp/eos-topology-product.rMhibO/main/bin/sandbox-observability-cli cgroup --sandbox-id eos-9ca19f7b-68de-479d-9b2e-440d1eec7bf5 --scope sandbox --window-ms 60000  (exit=0, 0.04s)
17:51:32.113 INFO e2e.cli: ← /private/tmp/eos-topology-product.rMhibO/main/bin/sandbox-runtime-cli --sandbox-id eos-9ca19f7b-68de-479d-9b2e-440d1eec7bf5 destroy_workspace_session --workspace-session-id 00000218c30aecd4ab037c --grace-s 1  (exit=0, 0.07s)
PASSED                                                                   [ 40%]
------------------------------ live log teardown -------------------------------
17:51:32.455 INFO e2e.cli: ← /private/tmp/eos-topology-product.rMhibO/main/bin/sandbox-manager-cli destroy_sandbox --sandbox-id eos-9ca19f7b-68de-479d-9b2e-440d1eec7bf5  (exit=0, 0.34s)
------------------------------ live log logreport ------------------------------
17:51:32.456 INFO e2e.timing: ⏱  observability/cgroup/test_lifecycle.py::test_destroyed_workspace_disappears_without_reassignment — 3.320s total

e2e/observability/cgroup/test_lifecycle.py::test_natural_process_churn_preserves_topology 
-------------------------------- live log setup --------------------------------
17:51:33.146 INFO e2e.cli: ← /private/tmp/eos-topology-product.rMhibO/main/bin/sandbox-manager-cli create_sandbox --image ubuntu:24.04 --workspace-bind-root /private/tmp/eos-topology-e2e.uaA3dl/main/.e2e-state/workspaces/templates/testbed  (exit=0, 0.69s)
-------------------------------- live log call ---------------------------------
17:51:33.195 INFO e2e.cli: ← /private/tmp/eos-topology-product.rMhibO/main/bin/sandbox-runtime-cli --sandbox-id eos-031b01ca-4d92-4dfb-bb0a-641be9a147d1 create_workspace_session  (exit=0, 0.05s)
17:51:33.238 INFO e2e.cli: ← /private/tmp/eos-topology-product.rMhibO/main/bin/sandbox-runtime-cli --sandbox-id eos-031b01ca-4d92-4dfb-bb0a-641be9a147d1 create_workspace_session  (exit=0, 0.04s)
17:51:33.276 INFO e2e.cli: ← /private/tmp/eos-topology-product.rMhibO/main/bin/sandbox-runtime-cli --sandbox-id eos-031b01ca-4d92-4dfb-bb0a-641be9a147d1 exec_command --workspace-session-id 00000118c30aeda6a75072 --timeout-ms 10000 --yield-time-ms 0 sleep 1  (exit=0, 0.04s)
17:51:33.314 INFO e2e.cli: ← /private/tmp/eos-topology-product.rMhibO/main/bin/sandbox-runtime-cli --sandbox-id eos-031b01ca-4d92-4dfb-bb0a-641be9a147d1 exec_command --workspace-session-id 00000218c30aeda9340397 --timeout-ms 10000 --yield-time-ms 0 sleep 1  (exit=0, 0.04s)
17:51:33.357 INFO e2e.cli: ← /private/tmp/eos-topology-product.rMhibO/main/bin/sandbox-observability-cli cgroup --sandbox-id eos-031b01ca-4d92-4dfb-bb0a-641be9a147d1 --scope sandbox --window-ms 60000  (exit=0, 0.04s)
17:51:33.400 INFO e2e.cli: ← /private/tmp/eos-topology-product.rMhibO/main/bin/sandbox-observability-cli cgroup --sandbox-id eos-031b01ca-4d92-4dfb-bb0a-641be9a147d1 --scope sandbox --window-ms 60000  (exit=0, 0.04s)
17:51:33.442 INFO e2e.cli: ← /private/tmp/eos-topology-product.rMhibO/main/bin/sandbox-observability-cli cgroup --sandbox-id eos-031b01ca-4d92-4dfb-bb0a-641be9a147d1 --scope sandbox --window-ms 60000  (exit=0, 0.04s)
17:51:33.478 INFO e2e.cli: ← /private/tmp/eos-topology-product.rMhibO/main/bin/sandbox-runtime-cli --sandbox-id eos-031b01ca-4d92-4dfb-bb0a-641be9a147d1 read_command_lines --command-session-id namespace_execution_1 --start-offset 0 --limit 1000  (exit=0, 0.04s)
17:51:33.620 INFO e2e.cli: ← /private/tmp/eos-topology-product.rMhibO/main/bin/sandbox-runtime-cli --sandbox-id eos-031b01ca-4d92-4dfb-bb0a-641be9a147d1 read_command_lines --command-session-id namespace_execution_1 --start-offset 0 --limit 1000  (exit=0, 0.04s)
17:51:33.766 INFO e2e.cli: ← /private/tmp/eos-topology-product.rMhibO/main/bin/sandbox-runtime-cli --sandbox-id eos-031b01ca-4d92-4dfb-bb0a-641be9a147d1 read_command_lines --command-session-id namespace_execution_1 --start-offset 0 --limit 1000  (exit=0, 0.04s)
17:51:33.905 INFO e2e.cli: ← /private/tmp/eos-topology-product.rMhibO/main/bin/sandbox-runtime-cli --sandbox-id eos-031b01ca-4d92-4dfb-bb0a-641be9a147d1 read_command_lines --command-session-id namespace_execution_1 --start-offset 0 --limit 1000  (exit=0, 0.04s)
17:51:34.057 INFO e2e.cli: ← /private/tmp/eos-topology-product.rMhibO/main/bin/sandbox-runtime-cli --sandbox-id eos-031b01ca-4d92-4dfb-bb0a-641be9a147d1 read_command_lines --command-session-id namespace_execution_1 --start-offset 0 --limit 1000  (exit=0, 0.05s)
17:51:34.198 INFO e2e.cli: ← /private/tmp/eos-topology-product.rMhibO/main/bin/sandbox-runtime-cli --sandbox-id eos-031b01ca-4d92-4dfb-bb0a-641be9a147d1 read_command_lines --command-session-id namespace_execution_1 --start-offset 0 --limit 1000  (exit=0, 0.04s)
17:51:34.341 INFO e2e.cli: ← /private/tmp/eos-topology-product.rMhibO/main/bin/sandbox-runtime-cli --sandbox-id eos-031b01ca-4d92-4dfb-bb0a-641be9a147d1 read_command_lines --command-session-id namespace_execution_1 --start-offset 0 --limit 1000  (exit=0, 0.04s)
17:51:34.380 INFO e2e.cli: ← /private/tmp/eos-topology-product.rMhibO/main/bin/sandbox-runtime-cli --sandbox-id eos-031b01ca-4d92-4dfb-bb0a-641be9a147d1 read_command_lines --command-session-id namespace_execution_2 --start-offset 0 --limit 1000  (exit=0, 0.04s)
17:51:34.424 INFO e2e.cli: ← /private/tmp/eos-topology-product.rMhibO/main/bin/sandbox-observability-cli cgroup --sandbox-id eos-031b01ca-4d92-4dfb-bb0a-641be9a147d1 --scope sandbox --window-ms 60000  (exit=0, 0.04s)
17:51:34.470 INFO e2e.cli: ← /private/tmp/eos-topology-product.rMhibO/main/bin/sandbox-runtime-cli --sandbox-id eos-031b01ca-4d92-4dfb-bb0a-641be9a147d1 exec_command --workspace-session-id 00000118c30aeda6a75072 --timeout-ms 10000 --yield-time-ms 0 sleep 1  (exit=0, 0.05s)
17:51:34.513 INFO e2e.cli: ← /private/tmp/eos-topology-product.rMhibO/main/bin/sandbox-runtime-cli --sandbox-id eos-031b01ca-4d92-4dfb-bb0a-641be9a147d1 exec_command --workspace-session-id 00000218c30aeda9340397 --timeout-ms 10000 --yield-time-ms 0 sleep 1  (exit=0, 0.04s)
17:51:34.557 INFO e2e.cli: ← /private/tmp/eos-topology-product.rMhibO/main/bin/sandbox-observability-cli cgroup --sandbox-id eos-031b01ca-4d92-4dfb-bb0a-641be9a147d1 --scope sandbox --window-ms 60000  (exit=0, 0.04s)
17:51:34.600 INFO e2e.cli: ← /private/tmp/eos-topology-product.rMhibO/main/bin/sandbox-observability-cli cgroup --sandbox-id eos-031b01ca-4d92-4dfb-bb0a-641be9a147d1 --scope sandbox --window-ms 60000  (exit=0, 0.04s)
17:51:34.645 INFO e2e.cli: ← /private/tmp/eos-topology-product.rMhibO/main/bin/sandbox-observability-cli cgroup --sandbox-id eos-031b01ca-4d92-4dfb-bb0a-641be9a147d1 --scope sandbox --window-ms 60000  (exit=0, 0.04s)
17:51:34.685 INFO e2e.cli: ← /private/tmp/eos-topology-product.rMhibO/main/bin/sandbox-runtime-cli --sandbox-id eos-031b01ca-4d92-4dfb-bb0a-641be9a147d1 read_command_lines --command-session-id namespace_execution_3 --start-offset 0 --limit 1000  (exit=0, 0.04s)
17:51:34.834 INFO e2e.cli: ← /private/tmp/eos-topology-product.rMhibO/main/bin/sandbox-runtime-cli --sandbox-id eos-031b01ca-4d92-4dfb-bb0a-641be9a147d1 read_command_lines --command-session-id namespace_execution_3 --start-offset 0 --limit 1000  (exit=0, 0.04s)
17:51:34.982 INFO e2e.cli: ← /private/tmp/eos-topology-product.rMhibO/main/bin/sandbox-runtime-cli --sandbox-id eos-031b01ca-4d92-4dfb-bb0a-641be9a147d1 read_command_lines --command-session-id namespace_execution_3 --start-offset 0 --limit 1000  (exit=0, 0.04s)
17:51:35.134 INFO e2e.cli: ← /private/tmp/eos-topology-product.rMhibO/main/bin/sandbox-runtime-cli --sandbox-id eos-031b01ca-4d92-4dfb-bb0a-641be9a147d1 read_command_lines --command-session-id namespace_execution_3 --start-offset 0 --limit 1000  (exit=0, 0.05s)
17:51:35.280 INFO e2e.cli: ← /private/tmp/eos-topology-product.rMhibO/main/bin/sandbox-runtime-cli --sandbox-id eos-031b01ca-4d92-4dfb-bb0a-641be9a147d1 read_command_lines --command-session-id namespace_execution_3 --start-offset 0 --limit 1000  (exit=0, 0.04s)
17:51:35.426 INFO e2e.cli: ← /private/tmp/eos-topology-product.rMhibO/main/bin/sandbox-runtime-cli --sandbox-id eos-031b01ca-4d92-4dfb-bb0a-641be9a147d1 read_command_lines --command-session-id namespace_execution_3 --start-offset 0 --limit 1000  (exit=0, 0.04s)
17:51:35.576 INFO e2e.cli: ← /private/tmp/eos-topology-product.rMhibO/main/bin/sandbox-runtime-cli --sandbox-id eos-031b01ca-4d92-4dfb-bb0a-641be9a147d1 read_command_lines --command-session-id namespace_execution_3 --start-offset 0 --limit 1000  (exit=0, 0.04s)
17:51:35.622 INFO e2e.cli: ← /private/tmp/eos-topology-product.rMhibO/main/bin/sandbox-runtime-cli --sandbox-id eos-031b01ca-4d92-4dfb-bb0a-641be9a147d1 read_command_lines --command-session-id namespace_execution_4 --start-offset 0 --limit 1000  (exit=0, 0.05s)
17:51:35.675 INFO e2e.cli: ← /private/tmp/eos-topology-product.rMhibO/main/bin/sandbox-observability-cli cgroup --sandbox-id eos-031b01ca-4d92-4dfb-bb0a-641be9a147d1 --scope sandbox --window-ms 60000  (exit=0, 0.05s)
17:51:35.722 INFO e2e.cli: ← /private/tmp/eos-topology-product.rMhibO/main/bin/sandbox-runtime-cli --sandbox-id eos-031b01ca-4d92-4dfb-bb0a-641be9a147d1 exec_command --workspace-session-id 00000118c30aeda6a75072 --timeout-ms 10000 --yield-time-ms 0 sleep 1  (exit=0, 0.05s)
17:51:35.770 INFO e2e.cli: ← /private/tmp/eos-topology-product.rMhibO/main/bin/sandbox-runtime-cli --sandbox-id eos-031b01ca-4d92-4dfb-bb0a-641be9a147d1 exec_command --workspace-session-id 00000218c30aeda9340397 --timeout-ms 10000 --yield-time-ms 0 sleep 1  (exit=0, 0.05s)
17:51:35.819 INFO e2e.cli: ← /private/tmp/eos-topology-product.rMhibO/main/bin/sandbox-observability-cli cgroup --sandbox-id eos-031b01ca-4d92-4dfb-bb0a-641be9a147d1 --scope sandbox --window-ms 60000  (exit=0, 0.05s)
17:51:35.872 INFO e2e.cli: ← /private/tmp/eos-topology-product.rMhibO/main/bin/sandbox-observability-cli cgroup --sandbox-id eos-031b01ca-4d92-4dfb-bb0a-641be9a147d1 --scope sandbox --window-ms 60000  (exit=0, 0.05s)
17:51:35.920 INFO e2e.cli: ← /private/tmp/eos-topology-product.rMhibO/main/bin/sandbox-observability-cli cgroup --sandbox-id eos-031b01ca-4d92-4dfb-bb0a-641be9a147d1 --scope sandbox --window-ms 60000  (exit=0, 0.05s)
17:51:35.962 INFO e2e.cli: ← /private/tmp/eos-topology-product.rMhibO/main/bin/sandbox-runtime-cli --sandbox-id eos-031b01ca-4d92-4dfb-bb0a-641be9a147d1 read_command_lines --command-session-id namespace_execution_5 --start-offset 0 --limit 1000  (exit=0, 0.04s)
17:51:36.116 INFO e2e.cli: ← /private/tmp/eos-topology-product.rMhibO/main/bin/sandbox-runtime-cli --sandbox-id eos-031b01ca-4d92-4dfb-bb0a-641be9a147d1 read_command_lines --command-session-id namespace_execution_5 --start-offset 0 --limit 1000  (exit=0, 0.05s)
17:51:36.264 INFO e2e.cli: ← /private/tmp/eos-topology-product.rMhibO/main/bin/sandbox-runtime-cli --sandbox-id eos-031b01ca-4d92-4dfb-bb0a-641be9a147d1 read_command_lines --command-session-id namespace_execution_5 --start-offset 0 --limit 1000  (exit=0, 0.05s)
17:51:36.417 INFO e2e.cli: ← /private/tmp/eos-topology-product.rMhibO/main/bin/sandbox-runtime-cli --sandbox-id eos-031b01ca-4d92-4dfb-bb0a-641be9a147d1 read_command_lines --command-session-id namespace_execution_5 --start-offset 0 --limit 1000  (exit=0, 0.05s)
17:51:36.562 INFO e2e.cli: ← /private/tmp/eos-topology-product.rMhibO/main/bin/sandbox-runtime-cli --sandbox-id eos-031b01ca-4d92-4dfb-bb0a-641be9a147d1 read_command_lines --command-session-id namespace_execution_5 --start-offset 0 --limit 1000  (exit=0, 0.04s)
17:51:36.713 INFO e2e.cli: ← /private/tmp/eos-topology-product.rMhibO/main/bin/sandbox-runtime-cli --sandbox-id eos-031b01ca-4d92-4dfb-bb0a-641be9a147d1 read_command_lines --command-session-id namespace_execution_5 --start-offset 0 --limit 1000  (exit=0, 0.05s)
17:51:36.857 INFO e2e.cli: ← /private/tmp/eos-topology-product.rMhibO/main/bin/sandbox-runtime-cli --sandbox-id eos-031b01ca-4d92-4dfb-bb0a-641be9a147d1 read_command_lines --command-session-id namespace_execution_5 --start-offset 0 --limit 1000  (exit=0, 0.04s)
17:51:36.898 INFO e2e.cli: ← /private/tmp/eos-topology-product.rMhibO/main/bin/sandbox-runtime-cli --sandbox-id eos-031b01ca-4d92-4dfb-bb0a-641be9a147d1 read_command_lines --command-session-id namespace_execution_6 --start-offset 0 --limit 1000  (exit=0, 0.04s)
17:51:36.944 INFO e2e.cli: ← /private/tmp/eos-topology-product.rMhibO/main/bin/sandbox-observability-cli cgroup --sandbox-id eos-031b01ca-4d92-4dfb-bb0a-641be9a147d1 --scope sandbox --window-ms 60000  (exit=0, 0.05s)
17:51:36.983 INFO e2e.cli: ← /private/tmp/eos-topology-product.rMhibO/main/bin/sandbox-runtime-cli --sandbox-id eos-031b01ca-4d92-4dfb-bb0a-641be9a147d1 exec_command --workspace-session-id 00000118c30aeda6a75072 --timeout-ms 45000 --yield-time-ms 0 sleep 30  (exit=0, 0.04s)
17:51:37.027 INFO e2e.cli: ← /private/tmp/eos-topology-product.rMhibO/main/bin/sandbox-runtime-cli --sandbox-id eos-031b01ca-4d92-4dfb-bb0a-641be9a147d1 exec_command --workspace-session-id 00000218c30aeda9340397 --timeout-ms 45000 --yield-time-ms 0 sleep 30  (exit=0, 0.04s)
17:51:37.073 INFO e2e.cli: ← /private/tmp/eos-topology-product.rMhibO/main/bin/sandbox-observability-cli cgroup --sandbox-id eos-031b01ca-4d92-4dfb-bb0a-641be9a147d1 --scope sandbox --window-ms 60000  (exit=0, 0.04s)
17:51:37.126 INFO e2e.cli: ← /private/tmp/eos-topology-product.rMhibO/main/bin/sandbox-observability-cli cgroup --sandbox-id eos-031b01ca-4d92-4dfb-bb0a-641be9a147d1 --scope sandbox --window-ms 60000  (exit=0, 0.05s)
17:51:37.235 INFO e2e.cli: ← /private/tmp/eos-topology-product.rMhibO/main/bin/sandbox-observability-cli cgroup --sandbox-id eos-031b01ca-4d92-4dfb-bb0a-641be9a147d1 --scope sandbox --window-ms 60000  (exit=0, 0.05s)
17:51:37.436 INFO e2e.cli: ← /private/tmp/eos-topology-product.rMhibO/main/bin/sandbox-runtime-cli --sandbox-id eos-031b01ca-4d92-4dfb-bb0a-641be9a147d1 write_command_stdin --command-session-id namespace_execution_7 --yield-time-ms 30000   (exit=0, 0.14s)
17:51:37.590 INFO e2e.cli: ← /private/tmp/eos-topology-product.rMhibO/main/bin/sandbox-runtime-cli --sandbox-id eos-031b01ca-4d92-4dfb-bb0a-641be9a147d1 write_command_stdin --command-session-id namespace_execution_8 --yield-time-ms 30000   (exit=0, 0.15s)
17:51:37.641 INFO e2e.cli: ← /private/tmp/eos-topology-product.rMhibO/main/bin/sandbox-runtime-cli --sandbox-id eos-031b01ca-4d92-4dfb-bb0a-641be9a147d1 destroy_workspace_session --workspace-session-id 00000118c30aeda6a75072 --grace-s 1  (exit=0, 0.05s)
17:51:37.704 INFO e2e.cli: ← /private/tmp/eos-topology-product.rMhibO/main/bin/sandbox-runtime-cli --sandbox-id eos-031b01ca-4d92-4dfb-bb0a-641be9a147d1 destroy_workspace_session --workspace-session-id 00000218c30aeda9340397 --grace-s 1  (exit=0, 0.06s)
17:51:37.753 INFO e2e.cli: ← /private/tmp/eos-topology-product.rMhibO/main/bin/sandbox-observability-cli cgroup --sandbox-id eos-031b01ca-4d92-4dfb-bb0a-641be9a147d1 --scope sandbox --window-ms 60000  (exit=0, 0.05s)
PASSED                                                                   [ 50%]
------------------------------ live log teardown -------------------------------
17:51:38.058 INFO e2e.cli: ← /private/tmp/eos-topology-product.rMhibO/main/bin/sandbox-manager-cli destroy_sandbox --sandbox-id eos-031b01ca-4d92-4dfb-bb0a-641be9a147d1  (exit=0, 0.30s)
------------------------------ live log logreport ------------------------------
17:51:38.059 INFO e2e.timing: ⏱  observability/cgroup/test_lifecycle.py::test_natural_process_churn_preserves_topology — 5.602s total

e2e/observability/cgroup/test_workspace_placement.py::test_idle_workspaces_remain_visible 
-------------------------------- live log setup --------------------------------
17:51:38.417 INFO e2e.cli: ← /private/tmp/eos-topology-product.rMhibO/main/bin/sandbox-manager-cli create_sandbox --image ubuntu:24.04 --workspace-bind-root /private/tmp/eos-topology-e2e.uaA3dl/main/.e2e-state/workspaces/templates/testbed  (exit=0, 0.36s)
-------------------------------- live log call ---------------------------------
17:51:38.488 INFO e2e.cli: ← /private/tmp/eos-topology-product.rMhibO/main/bin/sandbox-runtime-cli --sandbox-id eos-7c72c31d-147b-442a-b156-08680c113f56 create_workspace_session  (exit=0, 0.07s)
17:51:38.535 INFO e2e.cli: ← /private/tmp/eos-topology-product.rMhibO/main/bin/sandbox-runtime-cli --sandbox-id eos-7c72c31d-147b-442a-b156-08680c113f56 create_workspace_session  (exit=0, 0.05s)
17:51:38.580 INFO e2e.cli: ← /private/tmp/eos-topology-product.rMhibO/main/bin/sandbox-observability-cli cgroup --sandbox-id eos-7c72c31d-147b-442a-b156-08680c113f56 --scope sandbox --window-ms 60000  (exit=0, 0.04s)
17:51:38.760 INFO e2e.cli: ← /private/tmp/eos-topology-product.rMhibO/main/bin/sandbox-runtime-cli --sandbox-id eos-7c72c31d-147b-442a-b156-08680c113f56 destroy_workspace_session --workspace-session-id 00000118c30aeee104d46f --grace-s 1  (exit=0, 0.05s)
17:51:38.812 INFO e2e.cli: ← /private/tmp/eos-topology-product.rMhibO/main/bin/sandbox-runtime-cli --sandbox-id eos-7c72c31d-147b-442a-b156-08680c113f56 destroy_workspace_session --workspace-session-id 00000218c30aeee4b0da6e --grace-s 1  (exit=0, 0.05s)
PASSED                                                                   [ 60%]
------------------------------ live log teardown -------------------------------
17:51:39.095 INFO e2e.cli: ← /private/tmp/eos-topology-product.rMhibO/main/bin/sandbox-manager-cli destroy_sandbox --sandbox-id eos-7c72c31d-147b-442a-b156-08680c113f56  (exit=0, 0.28s)
------------------------------ live log logreport ------------------------------
17:51:39.096 INFO e2e.timing: ⏱  observability/cgroup/test_workspace_placement.py::test_idle_workspaces_remain_visible — 1.035s total

e2e/observability/cgroup/test_workspace_placement.py::test_processes_are_placed_by_dual_namespace_identity 
-------------------------------- live log setup --------------------------------
17:51:39.812 INFO e2e.cli: ← /private/tmp/eos-topology-product.rMhibO/main/bin/sandbox-manager-cli create_sandbox --image ubuntu:24.04 --workspace-bind-root /private/tmp/eos-topology-e2e.uaA3dl/main/.e2e-state/workspaces/templates/testbed  (exit=0, 0.72s)
-------------------------------- live log call ---------------------------------
17:51:39.861 INFO e2e.cli: ← /private/tmp/eos-topology-product.rMhibO/main/bin/sandbox-runtime-cli --sandbox-id eos-f1d6fe05-bb15-46db-a97c-19b5db731e8d create_workspace_session  (exit=0, 0.05s)
17:51:39.908 INFO e2e.cli: ← /private/tmp/eos-topology-product.rMhibO/main/bin/sandbox-runtime-cli --sandbox-id eos-f1d6fe05-bb15-46db-a97c-19b5db731e8d create_workspace_session  (exit=0, 0.05s)
17:51:39.951 INFO e2e.cli: ← /private/tmp/eos-topology-product.rMhibO/main/bin/sandbox-runtime-cli --sandbox-id eos-f1d6fe05-bb15-46db-a97c-19b5db731e8d exec_command --workspace-session-id 00000118c30aef33e2da79 --timeout-ms 45000 --yield-time-ms 0 sleep 30  (exit=0, 0.04s)
17:51:39.989 INFO e2e.cli: ← /private/tmp/eos-topology-product.rMhibO/main/bin/sandbox-runtime-cli --sandbox-id eos-f1d6fe05-bb15-46db-a97c-19b5db731e8d exec_command --workspace-session-id 00000218c30aef369e9cfc --timeout-ms 45000 --yield-time-ms 0 sleep 30  (exit=0, 0.04s)
17:51:40.031 INFO e2e.cli: ← /private/tmp/eos-topology-product.rMhibO/main/bin/sandbox-observability-cli cgroup --sandbox-id eos-f1d6fe05-bb15-46db-a97c-19b5db731e8d --scope sandbox --window-ms 60000  (exit=0, 0.04s)
17:51:40.073 INFO e2e.cli: ← /private/tmp/eos-topology-product.rMhibO/main/bin/sandbox-observability-cli cgroup --sandbox-id eos-f1d6fe05-bb15-46db-a97c-19b5db731e8d --scope sandbox --window-ms 60000  (exit=0, 0.04s)
17:51:40.164 INFO e2e.cli: ← /private/tmp/eos-topology-product.rMhibO/main/bin/sandbox-observability-cli cgroup --sandbox-id eos-f1d6fe05-bb15-46db-a97c-19b5db731e8d --scope sandbox --window-ms 60000  (exit=0, 0.04s)
17:51:40.360 INFO e2e.cli: ← /private/tmp/eos-topology-product.rMhibO/main/bin/sandbox-runtime-cli --sandbox-id eos-f1d6fe05-bb15-46db-a97c-19b5db731e8d write_command_stdin --command-session-id namespace_execution_1 --yield-time-ms 30000   (exit=0, 0.14s)
17:51:40.499 INFO e2e.cli: ← /private/tmp/eos-topology-product.rMhibO/main/bin/sandbox-runtime-cli --sandbox-id eos-f1d6fe05-bb15-46db-a97c-19b5db731e8d write_command_stdin --command-session-id namespace_execution_2 --yield-time-ms 30000   (exit=0, 0.14s)
17:51:40.549 INFO e2e.cli: ← /private/tmp/eos-topology-product.rMhibO/main/bin/sandbox-runtime-cli --sandbox-id eos-f1d6fe05-bb15-46db-a97c-19b5db731e8d destroy_workspace_session --workspace-session-id 00000118c30aef33e2da79 --grace-s 1  (exit=0, 0.05s)
17:51:40.598 INFO e2e.cli: ← /private/tmp/eos-topology-product.rMhibO/main/bin/sandbox-runtime-cli --sandbox-id eos-f1d6fe05-bb15-46db-a97c-19b5db731e8d destroy_workspace_session --workspace-session-id 00000218c30aef369e9cfc --grace-s 1  (exit=0, 0.05s)
PASSED                                                                   [ 70%]
------------------------------ live log teardown -------------------------------
17:51:40.896 INFO e2e.cli: ← /private/tmp/eos-topology-product.rMhibO/main/bin/sandbox-manager-cli destroy_sandbox --sandbox-id eos-f1d6fe05-bb15-46db-a97c-19b5db731e8d  (exit=0, 0.30s)
------------------------------ live log logreport ------------------------------
17:51:40.898 INFO e2e.timing: ⏱  observability/cgroup/test_workspace_placement.py::test_processes_are_placed_by_dual_namespace_identity — 1.801s total

e2e/observability/cgroup/test_workspace_placement.py::test_backend_originated_command_appears 
-------------------------------- live log setup --------------------------------
17:51:41.302 INFO e2e.cli: ← /private/tmp/eos-topology-product.rMhibO/main/bin/sandbox-manager-cli create_sandbox --image ubuntu:24.04 --workspace-bind-root /private/tmp/eos-topology-e2e.uaA3dl/main/.e2e-state/workspaces/templates/testbed  (exit=0, 0.40s)
-------------------------------- live log call ---------------------------------
17:51:41.353 INFO e2e.cli: ← /private/tmp/eos-topology-product.rMhibO/main/bin/sandbox-runtime-cli --sandbox-id eos-13d925b7-acc3-42f4-9a27-30bde3f60c0b create_workspace_session  (exit=0, 0.05s)
17:51:41.395 INFO e2e.cli: ← /private/tmp/eos-topology-product.rMhibO/main/bin/sandbox-observability-cli cgroup --sandbox-id eos-13d925b7-acc3-42f4-9a27-30bde3f60c0b --scope sandbox --window-ms 60000  (exit=0, 0.04s)
17:51:41.433 INFO e2e.cli: ← /private/tmp/eos-topology-product.rMhibO/main/bin/sandbox-runtime-cli --sandbox-id eos-13d925b7-acc3-42f4-9a27-30bde3f60c0b exec_command --workspace-session-id 00000118c30aef8ce67351 --timeout-ms 45000 --yield-time-ms 0 sleep 30  (exit=0, 0.04s)
17:51:41.475 INFO e2e.cli: ← /private/tmp/eos-topology-product.rMhibO/main/bin/sandbox-observability-cli cgroup --sandbox-id eos-13d925b7-acc3-42f4-9a27-30bde3f60c0b --scope sandbox --window-ms 60000  (exit=0, 0.04s)
17:51:41.517 INFO e2e.cli: ← /private/tmp/eos-topology-product.rMhibO/main/bin/sandbox-observability-cli cgroup --sandbox-id eos-13d925b7-acc3-42f4-9a27-30bde3f60c0b --scope sandbox --window-ms 60000  (exit=0, 0.04s)
17:51:41.619 INFO e2e.cli: ← /private/tmp/eos-topology-product.rMhibO/main/bin/sandbox-observability-cli cgroup --sandbox-id eos-13d925b7-acc3-42f4-9a27-30bde3f60c0b --scope sandbox --window-ms 60000  (exit=0, 0.04s)
17:51:41.663 INFO e2e.cli: ← /private/tmp/eos-topology-product.rMhibO/main/bin/sandbox-observability-cli cgroup --sandbox-id eos-13d925b7-acc3-42f4-9a27-30bde3f60c0b --scope sandbox --window-ms 60000  (exit=0, 0.04s)
17:51:41.803 INFO e2e.cli: ← /private/tmp/eos-topology-product.rMhibO/main/bin/sandbox-runtime-cli --sandbox-id eos-13d925b7-acc3-42f4-9a27-30bde3f60c0b write_command_stdin --command-session-id namespace_execution_1 --yield-time-ms 30000   (exit=0, 0.14s)
17:51:41.897 INFO e2e.cli: ← /private/tmp/eos-topology-product.rMhibO/main/bin/sandbox-runtime-cli --sandbox-id eos-13d925b7-acc3-42f4-9a27-30bde3f60c0b destroy_workspace_session --workspace-session-id 00000118c30aef8ce67351 --grace-s 1  (exit=0, 0.09s)
PASSED                                                                   [ 80%]
------------------------------ live log teardown -------------------------------
17:51:42.252 INFO e2e.cli: ← /private/tmp/eos-topology-product.rMhibO/main/bin/sandbox-manager-cli destroy_sandbox --sandbox-id eos-13d925b7-acc3-42f4-9a27-30bde3f60c0b  (exit=0, 0.35s)
------------------------------ live log logreport ------------------------------
17:51:42.253 INFO e2e.timing: ⏱  observability/cgroup/test_workspace_placement.py::test_backend_originated_command_appears — 1.353s total

e2e/observability/cgroup/test_workspace_placement.py::test_forked_descendants_stay_with_workspace 
-------------------------------- live log setup --------------------------------
17:51:42.630 INFO e2e.cli: ← /private/tmp/eos-topology-product.rMhibO/main/bin/sandbox-manager-cli create_sandbox --image ubuntu:24.04 --workspace-bind-root /private/tmp/eos-topology-e2e.uaA3dl/main/.e2e-state/workspaces/templates/testbed  (exit=0, 0.38s)
-------------------------------- live log call ---------------------------------
17:51:42.674 INFO e2e.cli: ← /private/tmp/eos-topology-product.rMhibO/main/bin/sandbox-runtime-cli --sandbox-id eos-e65ade3f-0e11-41df-8c74-eeff2726e614 create_workspace_session  (exit=0, 0.04s)
17:51:42.718 INFO e2e.cli: ← /private/tmp/eos-topology-product.rMhibO/main/bin/sandbox-runtime-cli --sandbox-id eos-e65ade3f-0e11-41df-8c74-eeff2726e614 create_workspace_session  (exit=0, 0.04s)
17:51:42.756 INFO e2e.cli: ← /private/tmp/eos-topology-product.rMhibO/main/bin/sandbox-runtime-cli --sandbox-id eos-e65ade3f-0e11-41df-8c74-eeff2726e614 exec_command --workspace-session-id 00000118c30aefdb9c2f59 --timeout-ms 45000 --yield-time-ms 0 sh -c 'sleep 30 & wait'  (exit=0, 0.04s)
17:51:42.800 INFO e2e.cli: ← /private/tmp/eos-topology-product.rMhibO/main/bin/sandbox-observability-cli cgroup --sandbox-id eos-e65ade3f-0e11-41df-8c74-eeff2726e614 --scope sandbox --window-ms 60000  (exit=0, 0.04s)
17:51:43.052 INFO e2e.cli: ← /private/tmp/eos-topology-product.rMhibO/main/bin/sandbox-runtime-cli --sandbox-id eos-e65ade3f-0e11-41df-8c74-eeff2726e614 write_command_stdin --command-session-id namespace_execution_1 --yield-time-ms 30000   (exit=0, 0.14s)
17:51:43.105 INFO e2e.cli: ← /private/tmp/eos-topology-product.rMhibO/main/bin/sandbox-runtime-cli --sandbox-id eos-e65ade3f-0e11-41df-8c74-eeff2726e614 destroy_workspace_session --workspace-session-id 00000118c30aefdb9c2f59 --grace-s 1  (exit=0, 0.05s)
17:51:43.158 INFO e2e.cli: ← /private/tmp/eos-topology-product.rMhibO/main/bin/sandbox-runtime-cli --sandbox-id eos-e65ade3f-0e11-41df-8c74-eeff2726e614 destroy_workspace_session --workspace-session-id 00000218c30aefde19b05c --grace-s 1  (exit=0, 0.05s)
PASSED                                                                   [ 90%]
------------------------------ live log teardown -------------------------------
17:51:43.489 INFO e2e.cli: ← /private/tmp/eos-topology-product.rMhibO/main/bin/sandbox-manager-cli destroy_sandbox --sandbox-id eos-e65ade3f-0e11-41df-8c74-eeff2726e614  (exit=0, 0.33s)
------------------------------ live log logreport ------------------------------
17:51:43.490 INFO e2e.timing: ⏱  observability/cgroup/test_workspace_placement.py::test_forked_descendants_stay_with_workspace — 1.236s total

e2e/observability/cgroup/test_workspace_placement.py::test_workspace_resource_estimate_inputs_are_live 
-------------------------------- live log setup --------------------------------
17:51:43.918 INFO e2e.cli: ← /private/tmp/eos-topology-product.rMhibO/main/bin/sandbox-manager-cli create_sandbox --image ubuntu:24.04 --workspace-bind-root /private/tmp/eos-topology-e2e.uaA3dl/main/.e2e-state/workspaces/templates/testbed  (exit=0, 0.43s)
-------------------------------- live log call ---------------------------------
17:51:43.977 INFO e2e.cli: ← /private/tmp/eos-topology-product.rMhibO/main/bin/sandbox-runtime-cli --sandbox-id eos-0bb9dae1-8fee-43a1-a0d1-82181b82445f create_workspace_session  (exit=0, 0.06s)
17:51:44.020 INFO e2e.cli: ← /private/tmp/eos-topology-product.rMhibO/main/bin/sandbox-runtime-cli --sandbox-id eos-0bb9dae1-8fee-43a1-a0d1-82181b82445f exec_command --workspace-session-id 00000118c30af028f87e05 --timeout-ms 45000 --yield-time-ms 0 sh -c 'while :; do :; done'  (exit=0, 0.04s)
17:51:44.062 INFO e2e.cli: ← /private/tmp/eos-topology-product.rMhibO/main/bin/sandbox-observability-cli cgroup --sandbox-id eos-0bb9dae1-8fee-43a1-a0d1-82181b82445f --scope sandbox --window-ms 60000  (exit=0, 0.04s)
17:51:44.104 INFO e2e.cli: ← /private/tmp/eos-topology-product.rMhibO/main/bin/sandbox-observability-cli cgroup --sandbox-id eos-0bb9dae1-8fee-43a1-a0d1-82181b82445f --scope sandbox --window-ms 60000  (exit=0, 0.04s)
17:51:44.409 INFO e2e.cli: ← /private/tmp/eos-topology-product.rMhibO/main/bin/sandbox-runtime-cli --sandbox-id eos-0bb9dae1-8fee-43a1-a0d1-82181b82445f write_command_stdin --command-session-id namespace_execution_1 --yield-time-ms 30000   (exit=0, 0.14s)
17:51:44.467 INFO e2e.cli: ← /private/tmp/eos-topology-product.rMhibO/main/bin/sandbox-runtime-cli --sandbox-id eos-0bb9dae1-8fee-43a1-a0d1-82181b82445f destroy_workspace_session --workspace-session-id 00000118c30af028f87e05 --grace-s 1  (exit=0, 0.06s)
PASSED                                                                   [100%]
------------------------------ live log teardown -------------------------------
17:51:44.829 INFO e2e.cli: ← /private/tmp/eos-topology-product.rMhibO/main/bin/sandbox-manager-cli destroy_sandbox --sandbox-id eos-0bb9dae1-8fee-43a1-a0d1-82181b82445f  (exit=0, 0.36s)
------------------------------ live log logreport ------------------------------
17:51:44.829 INFO e2e.timing: ⏱  observability/cgroup/test_workspace_placement.py::test_workspace_resource_estimate_inputs_are_live — 1.338s total


--------------------- sandbox-cli operation timing metrics ---------------------
durations are client-side sandbox-cli wall time; no timing SLO is enforced
manager.create_sandbox: n=10 p50=436.9ms p95=703.7ms max=715.6ms sub50=0.0% sub100=0.0% sub200=0.0%
manager.destroy_sandbox: n=10 p50=324.3ms p95=357.3ms max=360.0ms sub50=0.0% sub100=0.0% sub200=0.0%
manager.inspect_sandbox: n=1 p50=34.1ms p95=34.1ms max=34.1ms sub50=100.0% sub100=100.0% sub200=100.0%
manager.list_sandboxes: n=1 p50=569.3ms p95=569.3ms max=569.3ms sub50=0.0% sub100=0.0% sub200=0.0%
observability.cgroup: n=37 p50=43.8ms p95=52.4ms max=870.9ms sub50=86.5% sub100=97.3% sub200=97.3%
runtime.create_workspace_session: n=14 p50=47.2ms p95=251.2ms max=587.9ms sub50=71.4% sub100=92.9% sub200=92.9%
runtime.destroy_workspace_session: n=13 p50=53.1ms p95=77.3ms max=93.4ms sub50=15.4% sub100=100.0% sub200=100.0%
runtime.exec_command: n=16 p50=40.3ms p95=46.0ms max=47.8ms sub50=100.0% sub100=100.0% sub200=100.0%
runtime.read_command_lines: n=54 p50=40.9ms p95=51.2ms max=65.9ms sub50=90.7% sub100=100.0% sub200=100.0%
runtime.write_command_stdin: n=8 p50=138.8ms p95=150.4ms max=153.6ms sub50=0.0% sub100=0.0% sub200=100.0%
operation timing metrics: /private/tmp/eos-topology-e2e.uaA3dl/main/.e2e-state/metrics/operation-timing/latest.md
============================== slowest durations ===============================
4.61s call     observability/cgroup/test_lifecycle.py::test_natural_process_churn_preserves_topology
2.53s call     observability/cgroup/test_lifecycle.py::test_destroyed_workspace_disappears_without_reassignment
2.36s call     observability/cgroup/test_lifecycle.py::test_exited_processes_disappear
1.22s setup    observability/cgroup/test_contract.py::test_proc_topology_contract
0.98s call     observability/cgroup/test_contract.py::test_proc_topology_contract
0.97s call     observability/cgroup/test_contract.py::test_process_topology_is_cgroup_independent
0.79s call     observability/cgroup/test_workspace_placement.py::test_processes_are_placed_by_dual_namespace_identity
0.72s setup    observability/cgroup/test_workspace_placement.py::test_processes_are_placed_by_dual_namespace_identity
0.69s setup    observability/cgroup/test_lifecycle.py::test_natural_process_churn_preserves_topology
0.59s call     observability/cgroup/test_workspace_placement.py::test_backend_originated_command_appears
0.55s call     observability/cgroup/test_workspace_placement.py::test_workspace_resource_estimate_inputs_are_live
0.53s teardown observability/cgroup/test_contract.py::test_process_topology_is_cgroup_independent
0.53s call     observability/cgroup/test_workspace_placement.py::test_forked_descendants_stay_with_workspace
0.47s setup    observability/cgroup/test_contract.py::test_process_topology_is_cgroup_independent
0.45s setup    observability/cgroup/test_lifecycle.py::test_destroyed_workspace_disappears_without_reassignment
0.43s setup    observability/cgroup/test_workspace_placement.py::test_workspace_resource_estimate_inputs_are_live
0.43s setup    observability/cgroup/test_lifecycle.py::test_exited_processes_disappear
0.40s setup    observability/cgroup/test_workspace_placement.py::test_backend_originated_command_appears
0.39s call     observability/cgroup/test_workspace_placement.py::test_idle_workspaces_remain_visible
0.38s setup    observability/cgroup/test_workspace_placement.py::test_forked_descendants_stay_with_workspace
0.36s teardown observability/cgroup/test_workspace_placement.py::test_workspace_resource_estimate_inputs_are_live
0.36s setup    observability/cgroup/test_workspace_placement.py::test_idle_workspaces_remain_visible
0.35s teardown observability/cgroup/test_workspace_placement.py::test_backend_originated_command_appears
0.34s teardown observability/cgroup/test_lifecycle.py::test_destroyed_workspace_disappears_without_reassignment
0.33s teardown observability/cgroup/test_lifecycle.py::test_exited_processes_disappear
0.33s teardown observability/cgroup/test_workspace_placement.py::test_forked_descendants_stay_with_workspace
0.30s teardown observability/cgroup/test_lifecycle.py::test_natural_process_churn_preserves_topology
0.30s teardown observability/cgroup/test_workspace_placement.py::test_processes_are_placed_by_dual_namespace_identity
0.29s teardown observability/cgroup/test_contract.py::test_proc_topology_contract
0.28s teardown observability/cgroup/test_workspace_placement.py::test_idle_workspaces_remain_visible
============================= 10 passed in 23.28s ==============================
